#
# There is insufficient memory for the Java Runtime Environment to continue.
# Native memory allocation (malloc) failed to allocate 1270176 bytes for Chunk::new
# Possible reasons:
#   The system is out of physical RAM or swap space
#   The process is running with CompressedOops enabled, and the Java Heap may be blocking the growth of the native heap
# Possible solutions:
#   Reduce memory load on the system
#   Increase physical memory or swap space
#   Check if swap backing store is full
#   Decrease Java heap size (-Xmx/-Xms)
#   Decrease number of Java threads
#   Decrease Java thread stack sizes (-Xss)
#   Set larger code cache with -XX:ReservedCodeCacheSize=
#   JVM is running with Unscaled Compressed Oops mode in which the Java heap is
#     placed in the first 4GB address space. The Java Heap base address is the
#     maximum limit for the native heap growth. Please use -XX:HeapBaseMinAddress
#     to set the Java Heap base and to place the Java Heap above 4GB virtual address.
# This output file may be truncated or incomplete.
#
#  Out of Memory Error (arena.cpp:191), pid=30660, tid=1920
#
# JRE version: OpenJDK Runtime Environment Temurin-17.0.10+7 (17.0.10+7) (build 17.0.10+7)
# Java VM: OpenJDK 64-Bit Server VM Temurin-17.0.10+7 (17.0.10+7, mixed mode, tiered, compressed oops, compressed class ptrs, parallel gc, windows-amd64)
# No core dump will be written. Minidumps are not enabled by default on client versions of Windows
#

---------------  S U M M A R Y ------------

Command Line: --add-modules=ALL-SYSTEM --add-opens=java.base/java.util=ALL-UNNAMED --add-opens=java.base/java.lang=ALL-UNNAMED --add-opens=java.base/sun.nio.fs=ALL-UNNAMED -Declipse.application=org.eclipse.jdt.ls.core.id1 -Dosgi.bundles.defaultStartLevel=4 -Declipse.product=org.eclipse.jdt.ls.core.product -Djava.import.generatesMetadataFilesAtProjectRoot=false -DDetectVMInstallationsJob.disabled=true -Dfile.encoding=utf8 -XX:+UseParallelGC -XX:GCTimeRatio=4 -XX:AdaptiveSizePolicyWeight=90 -Dsun.zip.disableMemoryMapping=true -Xmx1G -Xms100m -Xlog:disable -javaagent:c:\Users\foggtyl25\.vscode\extensions\redhat.java-1.27.0-win32-x64\lombok\lombok-1.18.31.jar -XX:+HeapDumpOnOutOfMemoryError -XX:HeapDumpPath=c:\Users\foggtyl25\AppData\Roaming\Code\User\workspaceStorage\d128ec249e5ae68316112046a78b0020\redhat.java -Daether.dependencyCollector.impl=bf c:\Users\foggtyl25\.vscode\extensions\redhat.java-1.27.0-win32-x64\server\plugins\org.eclipse.equinox.launcher_1.6.700.v20231214-2017.jar -configuration c:\Users\foggtyl25\AppData\Roaming\Code\User\globalStorage\redhat.java\1.27.0\config_win -data c:\Users\foggtyl25\AppData\Roaming\Code\User\workspaceStorage\d128ec249e5ae68316112046a78b0020\redhat.java\jdt_ws --stdio

Host: 11th Gen Intel(R) Core(TM) i7-11700 @ 2.50GHz, 16 cores, 15G,  Windows 10 , 64 bit Build 19041 (10.0.19041.3636)
Time: Wed Feb 14 12:17:50 2024 Pacific Standard Time elapsed time: 10.770746 seconds (0d 0h 0m 10s)

---------------  T H R E A D  ---------------

Current thread (0x000001e279c5e3f0):  JavaThread "C2 CompilerThread1" daemon [_thread_in_native, id=1920, stack(0x000000385c400000,0x000000385c500000)]


Current CompileTask:
C2:  10770 7216 %     4       org.eclipse.jdt.internal.core.search.indexing.BinaryIndexer::extractReferenceFromConstantPool @ 15 (351 bytes)

Stack: [0x000000385c400000,0x000000385c500000]
Native frames: (J=compiled Java code, j=interpreted, Vv=VM code, C=native code)
V  [jvm.dll+0x67d2c9]
V  [jvm.dll+0x834afa]
V  [jvm.dll+0x8365be]
V  [jvm.dll+0x836c23]
V  [jvm.dll+0x2477ff]
V  [jvm.dll+0xac514]
V  [jvm.dll+0xacb5c]
V  [jvm.dll+0x2aed1f]
V  [jvm.dll+0x584b67]
V  [jvm.dll+0x2228a2]
V  [jvm.dll+0x222c8f]
V  [jvm.dll+0x21bdb6]
V  [jvm.dll+0x219201]
V  [jvm.dll+0x1a502d]
V  [jvm.dll+0x2290de]
V  [jvm.dll+0x2272ac]
V  [jvm.dll+0x7e9bb7]
V  [jvm.dll+0x7e3fba]
V  [jvm.dll+0x67c1b5]
C  [ucrtbase.dll+0x21bb2]
C  [KERNEL32.DLL+0x17344]
C  [ntdll.dll+0x526b1]


---------------  P R O C E S S  ---------------

Threads class SMR info:
_java_thread_list=0x000001e27f29e9b0, length=40, elements={
0x000001e25db329b0, 0x000001e25dbe85c0, 0x000001e2719cdfe0, 0x000001e276dcf9a0,
0x000001e276dd0360, 0x000001e276dd14c0, 0x000001e276dd6dd0, 0x000001e276ddc380,
0x000001e276de5e40, 0x000001e276dee740, 0x000001e276e59640, 0x000001e278d12440,
0x000001e27967de60, 0x000001e279632ff0, 0x000001e2796334d0, 0x000001e279a28500,
0x000001e279b58840, 0x000001e279c5e3f0, 0x000001e278fe7a90, 0x000001e278fead30,
0x000001e278fe9e00, 0x000001e278fe7fa0, 0x000001e278fea820, 0x000001e278fe8ed0,
0x000001e278fe98f0, 0x000001e27bfc6140, 0x000001e27bfc5720, 0x000001e27bfc7fa0,
0x000001e27bfc2990, 0x000001e27ae1dac0, 0x000001e27ae1b590, 0x000001e27b810570,
0x000001e27b815fc0, 0x000001e27b813a90, 0x000001e27b811010, 0x000001e27b816510,
0x000001e27b813540, 0x000001e27bfc7a90, 0x000001e27b814fd0, 0x000001e27bfc4d00
}

Java Threads: ( => current thread )
  0x000001e25db329b0 JavaThread "main" [_thread_blocked, id=27432, stack(0x000000385b500000,0x000000385b600000)]
  0x000001e25dbe85c0 JavaThread "Reference Handler" daemon [_thread_blocked, id=19972, stack(0x000000385b800000,0x000000385b900000)]
  0x000001e2719cdfe0 JavaThread "Finalizer" daemon [_thread_blocked, id=11844, stack(0x000000385b900000,0x000000385ba00000)]
  0x000001e276dcf9a0 JavaThread "Signal Dispatcher" daemon [_thread_blocked, id=9472, stack(0x000000385ba00000,0x000000385bb00000)]
  0x000001e276dd0360 JavaThread "Attach Listener" daemon [_thread_blocked, id=24704, stack(0x000000385bb00000,0x000000385bc00000)]
  0x000001e276dd14c0 JavaThread "Service Thread" daemon [_thread_blocked, id=17828, stack(0x000000385bc00000,0x000000385bd00000)]
  0x000001e276dd6dd0 JavaThread "Monitor Deflation Thread" daemon [_thread_blocked, id=8152, stack(0x000000385bd00000,0x000000385be00000)]
  0x000001e276ddc380 JavaThread "C2 CompilerThread0" daemon [_thread_in_native, id=9488, stack(0x000000385be00000,0x000000385bf00000)]
  0x000001e276de5e40 JavaThread "C1 CompilerThread0" daemon [_thread_blocked, id=10816, stack(0x000000385bf00000,0x000000385c000000)]
  0x000001e276dee740 JavaThread "Sweeper thread" daemon [_thread_blocked, id=25868, stack(0x000000385c000000,0x000000385c100000)]
  0x000001e276e59640 JavaThread "Common-Cleaner" daemon [_thread_blocked, id=2000, stack(0x000000385c100000,0x000000385c200000)]
  0x000001e278d12440 JavaThread "Notification Thread" daemon [_thread_blocked, id=35312, stack(0x000000385c500000,0x000000385c600000)]
  0x000001e27967de60 JavaThread "Active Thread: Equinox Container: 2720e39b-0758-4a57-beed-4c8023102854" [_thread_blocked, id=26916, stack(0x000000385cd00000,0x000000385ce00000)]
  0x000001e279632ff0 JavaThread "Framework Event Dispatcher: Equinox Container: 2720e39b-0758-4a57-beed-4c8023102854" daemon [_thread_blocked, id=16040, stack(0x000000385ce00000,0x000000385cf00000)]
  0x000001e2796334d0 JavaThread "Start Level: Equinox Container: 2720e39b-0758-4a57-beed-4c8023102854" daemon [_thread_blocked, id=21800, stack(0x000000385cf00000,0x000000385d000000)]
  0x000001e279a28500 JavaThread "Bundle File Closer" daemon [_thread_blocked, id=2456, stack(0x000000385d300000,0x000000385d400000)]
  0x000001e279b58840 JavaThread "SCR Component Actor" daemon [_thread_blocked, id=35188, stack(0x000000385d400000,0x000000385d500000)]
=>0x000001e279c5e3f0 JavaThread "C2 CompilerThread1" daemon [_thread_in_native, id=1920, stack(0x000000385c400000,0x000000385c500000)]
  0x000001e278fe7a90 JavaThread "Worker-JM" [_thread_blocked, id=31872, stack(0x000000385d700000,0x000000385d800000)]
  0x000001e278fead30 JavaThread "Worker-0: Java indexing... " [_thread_blocked, id=25688, stack(0x000000385d900000,0x000000385da00000)]
  0x000001e278fe9e00 JavaThread "Worker-1" [_thread_blocked, id=24532, stack(0x000000385da00000,0x000000385db00000)]
  0x000001e278fe7fa0 JavaThread "Java indexing" daemon [_thread_in_Java, id=25076, stack(0x000000385dd00000,0x000000385de00000)]
  0x000001e278fea820 JavaThread "Worker-2: Initialize Workspace" [_thread_blocked, id=34100, stack(0x000000385de00000,0x000000385df00000)]
  0x000001e278fe8ed0 JavaThread "JNA Cleaner" daemon [_thread_blocked, id=26460, stack(0x000000385e000000,0x000000385e100000)]
  0x000001e278fe98f0 JavaThread "Worker-3" [_thread_blocked, id=17216, stack(0x000000385e300000,0x000000385e400000)]
  0x000001e27bfc6140 JavaThread "pool-2-thread-1" [_thread_blocked, id=29980, stack(0x000000385e900000,0x000000385ea00000)]
  0x000001e27bfc5720 JavaThread "WorkspaceEventsHandler" [_thread_blocked, id=29964, stack(0x000000385ea00000,0x000000385eb00000)]
  0x000001e27bfc7fa0 JavaThread "pool-1-thread-1" [_thread_blocked, id=31252, stack(0x000000385eb00000,0x000000385ec00000)]
  0x000001e27bfc2990 JavaThread "pool-3-thread-1" [_thread_in_native, id=28912, stack(0x000000385ec00000,0x000000385ed00000)]
  0x000001e27ae1dac0 JavaThread "C2 CompilerThread2" daemon [_thread_in_native, id=31424, stack(0x000000385c200000,0x000000385c300000)]
  0x000001e27ae1b590 JavaThread "C2 CompilerThread3" daemon [_thread_in_native, id=29960, stack(0x000000385c300000,0x000000385c400000)]
  0x000001e27b810570 JavaThread "C2 CompilerThread4" daemon [_thread_in_native, id=24880, stack(0x000000385dc00000,0x000000385dd00000)]
  0x000001e27b815fc0 JavaThread "C2 CompilerThread5" daemon [_thread_in_native, id=11256, stack(0x000000385df00000,0x000000385e000000)]
  0x000001e27b813a90 JavaThread "C2 CompilerThread6" daemon [_thread_in_native, id=23768, stack(0x000000385e400000,0x000000385e500000)]
  0x000001e27b811010 JavaThread "C1 CompilerThread1" daemon [_thread_blocked, id=26388, stack(0x000000385e500000,0x000000385e600000)]
  0x000001e27b816510 JavaThread "C1 CompilerThread2" daemon [_thread_blocked, id=13780, stack(0x000000385e600000,0x000000385e700000)]
  0x000001e27b813540 JavaThread "C1 CompilerThread3" daemon [_thread_blocked, id=32652, stack(0x000000385e700000,0x000000385e800000)]
  0x000001e27bfc7a90 JavaThread "Worker-4" [_thread_blocked, id=31088, stack(0x000000385e800000,0x000000385e900000)]
  0x000001e27b814fd0 JavaThread "C2 CompilerThread7" daemon [_thread_in_native, id=30312, stack(0x000000385ed00000,0x000000385ee00000)]
  0x000001e27bfc4d00 JavaThread "Worker-5" [_thread_blocked, id=32428, stack(0x000000385ee00000,0x000000385ef00000)]

Other Threads:
  0x000001e2719c98b0 VMThread "VM Thread" [stack: 0x000000385b700000,0x000000385b800000] [id=17776]
  0x000001e278d5ca30 WatcherThread [stack: 0x000000385c600000,0x000000385c700000] [id=24220]
  0x000001e25db47200 GCTaskThread "GC Thread#0" [stack: 0x000000385b600000,0x000000385b700000] [id=21068]
  0x000001e2792092d0 GCTaskThread "GC Thread#1" [stack: 0x000000385c800000,0x000000385c900000] [id=4404]
  0x000001e279486c00 GCTaskThread "GC Thread#2" [stack: 0x000000385c900000,0x000000385ca00000] [id=1568]
  0x000001e278fbbab0 GCTaskThread "GC Thread#3" [stack: 0x000000385ca00000,0x000000385cb00000] [id=24444]
  0x000001e278fbbd70 GCTaskThread "GC Thread#4" [stack: 0x000000385cb00000,0x000000385cc00000] [id=13608]
  0x000001e278fbc440 GCTaskThread "GC Thread#5" [stack: 0x000000385cc00000,0x000000385cd00000] [id=13636]
  0x000001e27984e230 GCTaskThread "GC Thread#6" [stack: 0x000000385d000000,0x000000385d100000] [id=35520]
  0x000001e27948b990 GCTaskThread "GC Thread#7" [stack: 0x000000385d100000,0x000000385d200000] [id=31868]
  0x000001e279b58d20 GCTaskThread "GC Thread#8" [stack: 0x000000385d500000,0x000000385d600000] [id=12356]
  0x000001e2797dbf90 GCTaskThread "GC Thread#9" [stack: 0x000000385c700000,0x000000385c800000] [id=28128]
  0x000001e279a1db80 GCTaskThread "GC Thread#10" [stack: 0x000000385d200000,0x000000385d300000] [id=2392]
  0x000001e279a16670 GCTaskThread "GC Thread#11" [stack: 0x000000385d800000,0x000000385d900000] [id=24720]
  0x000001e279c07680 GCTaskThread "GC Thread#12" [stack: 0x000000385db00000,0x000000385dc00000] [id=20328]

Threads with active compile tasks:
C2 CompilerThread0    10805 7292       4       org.eclipse.jdt.internal.core.search.indexing.BinaryIndexer::decodeParameterTypes (596 bytes)
C2 CompilerThread1    10805 7216 %     4       org.eclipse.jdt.internal.core.search.indexing.BinaryIndexer::extractReferenceFromConstantPool @ 15 (351 bytes)
C2 CompilerThread2    10805 7237       4       org.eclipse.jdt.core.compiler.CharOperation::lastSegment (22 bytes)
C2 CompilerThread3    10805 7289       4       org.eclipse.jdt.internal.compiler.util.HashtableOfObject::put (101 bytes)
C2 CompilerThread4    10805 7301       4       org.eclipse.jdt.internal.core.search.indexing.AbstractIndexer::addMethodDeclaration (98 bytes)
C2 CompilerThread5    10806 7302 % !   4       org.eclipse.jdt.internal.compiler.classfmt.ClassFileReader::<init> @ 758 (2113 bytes)
C2 CompilerThread6    10806 7294       4       org.eclipse.jdt.internal.compiler.classfmt.MethodInfo::createMethod (713 bytes)
C2 CompilerThread7    10806 7295       4       org.eclipse.jdt.internal.core.search.indexing.BinaryIndexer::decodeReturnType (407 bytes)

VM state: not at safepoint (normal execution)

VM Mutex/Monitor currently owned by a thread: None

Heap address: 0x00000000c0000000, size: 1024 MB, Compressed Oops mode: 32-bit

CDS archive(s) not mapped
Compressed class space mapped at: 0x0000000100000000-0x0000000140000000, reserved size: 1073741824
Narrow klass base: 0x0000000000000000, Narrow klass shift: 3, Narrow klass range: 0x140000000

GC Precious Log:
 CPUs: 16 total, 16 available
 Memory: 16109M
 Large Page Support: Disabled
 NUMA Support: Disabled
 Compressed Oops: Enabled (32-bit)
 Alignments: Space 512K, Generation 512K, Heap 2M
 Heap Min Capacity: 100M
 Heap Initial Capacity: 100M
 Heap Max Capacity: 1G
 Pre-touch: Disabled
 Parallel Workers: 13

Heap:
 PSYoungGen      total 22016K, used 12062K [0x00000000eab00000, 0x00000000ec780000, 0x0000000100000000)
  eden space 17920K, 45% used [0x00000000eab00000,0x00000000eb2ec318,0x00000000ebc80000)
  from space 4096K, 96% used [0x00000000ec380000,0x00000000ec75b7c8,0x00000000ec780000)
  to   space 5120K, 0% used [0x00000000ebd80000,0x00000000ebd80000,0x00000000ec280000)
 ParOldGen       total 68608K, used 45811K [0x00000000c0000000, 0x00000000c4300000, 0x00000000eab00000)
  object space 68608K, 66% used [0x00000000c0000000,0x00000000c2cbcdb8,0x00000000c4300000)
 Metaspace       used 54367K, committed 55360K, reserved 1114112K
  class space    used 5828K, committed 6272K, reserved 1048576K

Card table byte_map: [0x000001e25d4d0000,0x000001e25d6e0000] _byte_map_base: 0x000001e25ced0000

Marking Bits: (ParMarkBitMap*) 0x00007ffc42a9d7d0
 Begin Bits: [0x000001e26f7d0000, 0x000001e2707d0000)
 End Bits:   [0x000001e2707d0000, 0x000001e2717d0000)

Polling page: 0x000001e25b970000

Metaspace:

Usage:
  Non-class:     47.40 MB used.
      Class:      5.69 MB used.
       Both:     53.09 MB used.

Virtual space:
  Non-class space:       64.00 MB reserved,      47.94 MB ( 75%) committed,  1 nodes.
      Class space:        1.00 GB reserved,       6.12 MB ( <1%) committed,  1 nodes.
             Both:        1.06 GB reserved,      54.06 MB (  5%) committed. 

Chunk freelists:
   Non-Class:  15.23 MB
       Class:  9.83 MB
        Both:  25.06 MB

MaxMetaspaceSize: unlimited
CompressedClassSpaceSize: 1.00 GB
Initial GC threshold: 21.00 MB
Current GC threshold: 58.38 MB
CDS: off
MetaspaceReclaimPolicy: balanced
 - commit_granule_bytes: 65536.
 - commit_granule_words: 8192.
 - virtual_space_node_default_size: 8388608.
 - enlarge_chunks_in_place: 1.
 - new_chunks_are_fully_committed: 0.
 - uncommit_free_chunks: 1.
 - use_allocation_guard: 0.
 - handle_deallocations: 1.


Internal statistics:

num_allocs_failed_limit: 6.
num_arena_births: 488.
num_arena_deaths: 14.
num_vsnodes_births: 2.
num_vsnodes_deaths: 0.
num_space_committed: 864.
num_space_uncommitted: 0.
num_chunks_returned_to_freelist: 20.
num_chunks_taken_from_freelist: 2548.
num_chunk_merges: 8.
num_chunk_splits: 1584.
num_chunks_enlarged: 968.
num_inconsistent_stats: 0.

CodeHeap 'non-profiled nmethods': size=119168Kb used=4406Kb max_used=4406Kb free=114761Kb
 bounds [0x000001e268370000, 0x000001e2687c0000, 0x000001e26f7d0000]
CodeHeap 'profiled nmethods': size=119104Kb used=13592Kb max_used=13592Kb free=105511Kb
 bounds [0x000001e2607d0000, 0x000001e261520000, 0x000001e267c20000]
CodeHeap 'non-nmethods': size=7488Kb used=3005Kb max_used=3071Kb free=4482Kb
 bounds [0x000001e267c20000, 0x000001e267f30000, 0x000001e268370000]
 total_blobs=7126 nmethods=6486 adapters=548
 compilation: enabled
              stopped_count=0, restarted_count=0
 full_count=0

Compilation events (20 events):
Event: 10.680 Thread 0x000001e27ae1dac0 nmethod 7105 0x000001e268785d10 code [0x000001e268786080, 0x000001e26878a0a0]
Event: 10.681 Thread 0x000001e27ae1dac0 7283       4       org.eclipse.jdt.internal.compiler.classfmt.MethodInfo::decodeCodeAttribute (147 bytes)
Event: 10.696 Thread 0x000001e27b814fd0 nmethod 6988 0x000001e26878c310 code [0x000001e26878c780, 0x000001e268792a78]
Event: 10.702 Thread 0x000001e27b814fd0 7281       4       org.eclipse.jdt.core.Signature::appendClassTypeSignature (323 bytes)
Event: 10.707 Thread 0x000001e276ddc380 nmethod 7064 0x000001e268796210 code [0x000001e268796580, 0x000001e26879a8e0]
Event: 10.708 Thread 0x000001e276ddc380 7292       4       org.eclipse.jdt.internal.core.search.indexing.BinaryIndexer::decodeParameterTypes (596 bytes)
Event: 10.718 Thread 0x000001e27b810570 nmethod 7233 0x000001e26879cc10 code [0x000001e26879ce80, 0x000001e26879f0b0]
Event: 10.722 Thread 0x000001e27b810570 7297  s    4       org.eclipse.jdt.internal.compiler.classfmt.MethodInfo::readExceptionAttributes (215 bytes)
Event: 10.722 Thread 0x000001e27ae1dac0 nmethod 7283 0x000001e2687a0490 code [0x000001e2687a0680, 0x000001e2687a1e78]
Event: 10.723 Thread 0x000001e27ae1dac0 7293       4       org.eclipse.jdt.core.compiler.CharOperation::concatWith (127 bytes)
Event: 10.730 Thread 0x000001e27b813a90 nmethod 7275 0x000001e2687a2a10 code [0x000001e2687a2d20, 0x000001e2687a5250]
Event: 10.732 Thread 0x000001e27b813a90 7294       4       org.eclipse.jdt.internal.compiler.classfmt.MethodInfo::createMethod (713 bytes)
Event: 10.738 Thread 0x000001e27b813540 7300  s    3       java.io.ByteArrayInputStream::available (10 bytes)
Event: 10.739 Thread 0x000001e27b813540 nmethod 7300 0x000001e261516d10 code [0x000001e261516ea0, 0x000001e261517058]
Event: 10.739 Thread 0x000001e27ae1dac0 nmethod 7293 0x000001e2687a6a10 code [0x000001e2687a6ba0, 0x000001e2687a6f98]
Event: 10.740 Thread 0x000001e27ae1dac0 7299  s    4       org.eclipse.jdt.internal.compiler.classfmt.MethodInfo::readModifierRelatedAttributes (216 bytes)
Event: 10.756 Thread 0x000001e27b814fd0 nmethod 7281 0x000001e2687a7210 code [0x000001e2687a7400, 0x000001e2687a8a78]
Event: 10.759 Thread 0x000001e27b814fd0 7295       4       org.eclipse.jdt.internal.core.search.indexing.BinaryIndexer::decodeReturnType (407 bytes)
Event: 10.765 Thread 0x000001e27ae1dac0 nmethod 7299 0x000001e2687a9690 code [0x000001e2687a9840, 0x000001e2687aa5d8]
Event: 10.767 Thread 0x000001e27ae1dac0 7298  s    4       org.eclipse.jdt.internal.compiler.classfmt.MethodInfo::readCodeAttribute (117 bytes)

GC Heap History (20 events):
Event: 8.656 GC heap before
{Heap before GC invocations=21 (full 2):
 PSYoungGen      total 24576K, used 24384K [0x00000000eab00000, 0x00000000ec580000, 0x0000000100000000)
  eden space 22016K, 100% used [0x00000000eab00000,0x00000000ec080000,0x00000000ec080000)
  from space 2560K, 92% used [0x00000000ec300000,0x00000000ec550010,0x00000000ec580000)
  to   space 2560K, 0% used [0x00000000ec080000,0x00000000ec080000,0x00000000ec300000)
 ParOldGen       total 68608K, used 21710K [0x00000000c0000000, 0x00000000c4300000, 0x00000000eab00000)
  object space 68608K, 31% used [0x00000000c0000000,0x00000000c1533a78,0x00000000c4300000)
 Metaspace       used 52326K, committed 53248K, reserved 1114112K
  class space    used 5642K, committed 6080K, reserved 1048576K
}
Event: 8.658 GC heap after
{Heap after GC invocations=21 (full 2):
 PSYoungGen      total 24576K, used 2528K [0x00000000eab00000, 0x00000000ecb80000, 0x0000000100000000)
  eden space 22016K, 0% used [0x00000000eab00000,0x00000000eab00000,0x00000000ec080000)
  from space 2560K, 98% used [0x00000000ec080000,0x00000000ec2f8020,0x00000000ec300000)
  to   space 5632K, 0% used [0x00000000ec600000,0x00000000ec600000,0x00000000ecb80000)
 ParOldGen       total 68608K, used 23894K [0x00000000c0000000, 0x00000000c4300000, 0x00000000eab00000)
  object space 68608K, 34% used [0x00000000c0000000,0x00000000c1755a78,0x00000000c4300000)
 Metaspace       used 52326K, committed 53248K, reserved 1114112K
  class space    used 5642K, committed 6080K, reserved 1048576K
}
Event: 8.698 GC heap before
{Heap before GC invocations=22 (full 2):
 PSYoungGen      total 24576K, used 24544K [0x00000000eab00000, 0x00000000ecb80000, 0x0000000100000000)
  eden space 22016K, 100% used [0x00000000eab00000,0x00000000ec080000,0x00000000ec080000)
  from space 2560K, 98% used [0x00000000ec080000,0x00000000ec2f8020,0x00000000ec300000)
  to   space 5632K, 0% used [0x00000000ec600000,0x00000000ec600000,0x00000000ecb80000)
 ParOldGen       total 68608K, used 23894K [0x00000000c0000000, 0x00000000c4300000, 0x00000000eab00000)
  object space 68608K, 34% used [0x00000000c0000000,0x00000000c1755a78,0x00000000c4300000)
 Metaspace       used 52326K, committed 53248K, reserved 1114112K
  class space    used 5642K, committed 6080K, reserved 1048576K
}
Event: 8.701 GC heap after
{Heap after GC invocations=22 (full 2):
 PSYoungGen      total 24576K, used 2560K [0x00000000eab00000, 0x00000000ec880000, 0x0000000100000000)
  eden space 22016K, 0% used [0x00000000eab00000,0x00000000eab00000,0x00000000ec080000)
  from space 2560K, 100% used [0x00000000ec600000,0x00000000ec880000,0x00000000ec880000)
  to   space 3584K, 0% used [0x00000000ec180000,0x00000000ec180000,0x00000000ec500000)
 ParOldGen       total 68608K, used 26442K [0x00000000c0000000, 0x00000000c4300000, 0x00000000eab00000)
  object space 68608K, 38% used [0x00000000c0000000,0x00000000c19d2998,0x00000000c4300000)
 Metaspace       used 52326K, committed 53248K, reserved 1114112K
  class space    used 5642K, committed 6080K, reserved 1048576K
}
Event: 8.739 GC heap before
{Heap before GC invocations=23 (full 2):
 PSYoungGen      total 24576K, used 24576K [0x00000000eab00000, 0x00000000ec880000, 0x0000000100000000)
  eden space 22016K, 100% used [0x00000000eab00000,0x00000000ec080000,0x00000000ec080000)
  from space 2560K, 100% used [0x00000000ec600000,0x00000000ec880000,0x00000000ec880000)
  to   space 3584K, 0% used [0x00000000ec180000,0x00000000ec180000,0x00000000ec500000)
 ParOldGen       total 68608K, used 26442K [0x00000000c0000000, 0x00000000c4300000, 0x00000000eab00000)
  object space 68608K, 38% used [0x00000000c0000000,0x00000000c19d2998,0x00000000c4300000)
 Metaspace       used 52326K, committed 53248K, reserved 1114112K
  class space    used 5642K, committed 6080K, reserved 1048576K
}
Event: 8.741 GC heap after
{Heap after GC invocations=23 (full 2):
 PSYoungGen      total 25088K, used 2720K [0x00000000eab00000, 0x00000000ec680000, 0x0000000100000000)
  eden space 22016K, 0% used [0x00000000eab00000,0x00000000eab00000,0x00000000ec080000)
  from space 3072K, 88% used [0x00000000ec180000,0x00000000ec428010,0x00000000ec480000)
  to   space 2048K, 0% used [0x00000000ec480000,0x00000000ec480000,0x00000000ec680000)
 ParOldGen       total 68608K, used 28850K [0x00000000c0000000, 0x00000000c4300000, 0x00000000eab00000)
  object space 68608K, 42% used [0x00000000c0000000,0x00000000c1c2c998,0x00000000c4300000)
 Metaspace       used 52326K, committed 53248K, reserved 1114112K
  class space    used 5642K, committed 6080K, reserved 1048576K
}
Event: 9.913 GC heap before
{Heap before GC invocations=24 (full 2):
 PSYoungGen      total 25088K, used 24736K [0x00000000eab00000, 0x00000000ec680000, 0x0000000100000000)
  eden space 22016K, 100% used [0x00000000eab00000,0x00000000ec080000,0x00000000ec080000)
  from space 3072K, 88% used [0x00000000ec180000,0x00000000ec428010,0x00000000ec480000)
  to   space 2048K, 0% used [0x00000000ec480000,0x00000000ec480000,0x00000000ec680000)
 ParOldGen       total 68608K, used 28850K [0x00000000c0000000, 0x00000000c4300000, 0x00000000eab00000)
  object space 68608K, 42% used [0x00000000c0000000,0x00000000c1c2c998,0x00000000c4300000)
 Metaspace       used 53045K, committed 54016K, reserved 1114112K
  class space    used 5718K, committed 6144K, reserved 1048576K
}
Event: 9.917 GC heap after
{Heap after GC invocations=24 (full 2):
 PSYoungGen      total 22528K, used 2048K [0x00000000eab00000, 0x00000000ecb80000, 0x0000000100000000)
  eden space 20480K, 0% used [0x00000000eab00000,0x00000000eab00000,0x00000000ebf00000)
  from space 2048K, 100% used [0x00000000ec480000,0x00000000ec680000,0x00000000ec680000)
  to   space 5632K, 0% used [0x00000000ebf00000,0x00000000ebf00000,0x00000000ec480000)
 ParOldGen       total 68608K, used 31730K [0x00000000c0000000, 0x00000000c4300000, 0x00000000eab00000)
  object space 68608K, 46% used [0x00000000c0000000,0x00000000c1efc9c8,0x00000000c4300000)
 Metaspace       used 53045K, committed 54016K, reserved 1114112K
  class space    used 5718K, committed 6144K, reserved 1048576K
}
Event: 10.048 GC heap before
{Heap before GC invocations=25 (full 2):
 PSYoungGen      total 22528K, used 22528K [0x00000000eab00000, 0x00000000ecb80000, 0x0000000100000000)
  eden space 20480K, 100% used [0x00000000eab00000,0x00000000ebf00000,0x00000000ebf00000)
  from space 2048K, 100% used [0x00000000ec480000,0x00000000ec680000,0x00000000ec680000)
  to   space 5632K, 0% used [0x00000000ebf00000,0x00000000ebf00000,0x00000000ec480000)
 ParOldGen       total 68608K, used 31730K [0x00000000c0000000, 0x00000000c4300000, 0x00000000eab00000)
  object space 68608K, 46% used [0x00000000c0000000,0x00000000c1efc9c8,0x00000000c4300000)
 Metaspace       used 53223K, committed 54144K, reserved 1114112K
  class space    used 5725K, committed 6144K, reserved 1048576K
}
Event: 10.052 GC heap after
{Heap after GC invocations=25 (full 2):
 PSYoungGen      total 22016K, used 1223K [0x00000000eab00000, 0x00000000ec500000, 0x0000000100000000)
  eden space 20480K, 0% used [0x00000000eab00000,0x00000000eab00000,0x00000000ebf00000)
  from space 1536K, 79% used [0x00000000ebf00000,0x00000000ec031ff8,0x00000000ec080000)
  to   space 3072K, 0% used [0x00000000ec200000,0x00000000ec200000,0x00000000ec500000)
 ParOldGen       total 68608K, used 33728K [0x00000000c0000000, 0x00000000c4300000, 0x00000000eab00000)
  object space 68608K, 49% used [0x00000000c0000000,0x00000000c20f0268,0x00000000c4300000)
 Metaspace       used 53223K, committed 54144K, reserved 1114112K
  class space    used 5725K, committed 6144K, reserved 1048576K
}
Event: 10.171 GC heap before
{Heap before GC invocations=26 (full 2):
 PSYoungGen      total 22016K, used 21703K [0x00000000eab00000, 0x00000000ec500000, 0x0000000100000000)
  eden space 20480K, 100% used [0x00000000eab00000,0x00000000ebf00000,0x00000000ebf00000)
  from space 1536K, 79% used [0x00000000ebf00000,0x00000000ec031ff8,0x00000000ec080000)
  to   space 3072K, 0% used [0x00000000ec200000,0x00000000ec200000,0x00000000ec500000)
 ParOldGen       total 68608K, used 33728K [0x00000000c0000000, 0x00000000c4300000, 0x00000000eab00000)
  object space 68608K, 49% used [0x00000000c0000000,0x00000000c20f0268,0x00000000c4300000)
 Metaspace       used 53383K, committed 54336K, reserved 1114112K
  class space    used 5742K, committed 6208K, reserved 1048576K
}
Event: 10.174 GC heap after
{Heap after GC invocations=26 (full 2):
 PSYoungGen      total 20992K, used 3056K [0x00000000eab00000, 0x00000000eca00000, 0x0000000100000000)
  eden space 17920K, 0% used [0x00000000eab00000,0x00000000eab00000,0x00000000ebc80000)
  from space 3072K, 99% used [0x00000000ec200000,0x00000000ec4fc0d0,0x00000000ec500000)
  to   space 5632K, 0% used [0x00000000ebc80000,0x00000000ebc80000,0x00000000ec200000)
 ParOldGen       total 68608K, used 35573K [0x00000000c0000000, 0x00000000c4300000, 0x00000000eab00000)
  object space 68608K, 51% used [0x00000000c0000000,0x00000000c22bd5b8,0x00000000c4300000)
 Metaspace       used 53383K, committed 54336K, reserved 1114112K
  class space    used 5742K, committed 6208K, reserved 1048576K
}
Event: 10.219 GC heap before
{Heap before GC invocations=27 (full 2):
 PSYoungGen      total 20992K, used 20976K [0x00000000eab00000, 0x00000000eca00000, 0x0000000100000000)
  eden space 17920K, 100% used [0x00000000eab00000,0x00000000ebc80000,0x00000000ebc80000)
  from space 3072K, 99% used [0x00000000ec200000,0x00000000ec4fc0d0,0x00000000ec500000)
  to   space 5632K, 0% used [0x00000000ebc80000,0x00000000ebc80000,0x00000000ec200000)
 ParOldGen       total 68608K, used 35573K [0x00000000c0000000, 0x00000000c4300000, 0x00000000eab00000)
  object space 68608K, 51% used [0x00000000c0000000,0x00000000c22bd5b8,0x00000000c4300000)
 Metaspace       used 53383K, committed 54336K, reserved 1114112K
  class space    used 5742K, committed 6208K, reserved 1048576K
}
Event: 10.222 GC heap after
{Heap after GC invocations=27 (full 2):
 PSYoungGen      total 19456K, used 1248K [0x00000000eab00000, 0x00000000ec280000, 0x0000000100000000)
  eden space 17920K, 0% used [0x00000000eab00000,0x00000000eab00000,0x00000000ebc80000)
  from space 1536K, 81% used [0x00000000ebc80000,0x00000000ebdb8000,0x00000000ebe00000)
  to   space 3072K, 0% used [0x00000000ebf80000,0x00000000ebf80000,0x00000000ec280000)
 ParOldGen       total 68608K, used 38675K [0x00000000c0000000, 0x00000000c4300000, 0x00000000eab00000)
  object space 68608K, 56% used [0x00000000c0000000,0x00000000c25c4e28,0x00000000c4300000)
 Metaspace       used 53383K, committed 54336K, reserved 1114112K
  class space    used 5742K, committed 6208K, reserved 1048576K
}
Event: 10.420 GC heap before
{Heap before GC invocations=28 (full 2):
 PSYoungGen      total 19456K, used 19168K [0x00000000eab00000, 0x00000000ec280000, 0x0000000100000000)
  eden space 17920K, 100% used [0x00000000eab00000,0x00000000ebc80000,0x00000000ebc80000)
  from space 1536K, 81% used [0x00000000ebc80000,0x00000000ebdb8000,0x00000000ebe00000)
  to   space 3072K, 0% used [0x00000000ebf80000,0x00000000ebf80000,0x00000000ec280000)
 ParOldGen       total 68608K, used 38675K [0x00000000c0000000, 0x00000000c4300000, 0x00000000eab00000)
  object space 68608K, 56% used [0x00000000c0000000,0x00000000c25c4e28,0x00000000c4300000)
 Metaspace       used 54209K, committed 55168K, reserved 1114112K
  class space    used 5814K, committed 6272K, reserved 1048576K
}
Event: 10.424 GC heap after
{Heap after GC invocations=28 (full 2):
 PSYoungGen      total 20992K, used 2545K [0x00000000eab00000, 0x00000000ec280000, 0x0000000100000000)
  eden space 17920K, 0% used [0x00000000eab00000,0x00000000eab00000,0x00000000ebc80000)
  from space 3072K, 82% used [0x00000000ebf80000,0x00000000ec1fc4f8,0x00000000ec280000)
  to   space 3072K, 0% used [0x00000000ebc80000,0x00000000ebc80000,0x00000000ebf80000)
 ParOldGen       total 68608K, used 39779K [0x00000000c0000000, 0x00000000c4300000, 0x00000000eab00000)
  object space 68608K, 57% used [0x00000000c0000000,0x00000000c26d8e28,0x00000000c4300000)
 Metaspace       used 54209K, committed 55168K, reserved 1114112K
  class space    used 5814K, committed 6272K, reserved 1048576K
}
Event: 10.580 GC heap before
{Heap before GC invocations=29 (full 2):
 PSYoungGen      total 20992K, used 20465K [0x00000000eab00000, 0x00000000ec280000, 0x0000000100000000)
  eden space 17920K, 100% used [0x00000000eab00000,0x00000000ebc80000,0x00000000ebc80000)
  from space 3072K, 82% used [0x00000000ebf80000,0x00000000ec1fc4f8,0x00000000ec280000)
  to   space 3072K, 0% used [0x00000000ebc80000,0x00000000ebc80000,0x00000000ebf80000)
 ParOldGen       total 68608K, used 39779K [0x00000000c0000000, 0x00000000c4300000, 0x00000000eab00000)
  object space 68608K, 57% used [0x00000000c0000000,0x00000000c26d8e28,0x00000000c4300000)
 Metaspace       used 54360K, committed 55360K, reserved 1114112K
  class space    used 5828K, committed 6272K, reserved 1048576K
}
Event: 10.583 GC heap after
{Heap after GC invocations=29 (full 2):
 PSYoungGen      total 20992K, used 3055K [0x00000000eab00000, 0x00000000eca80000, 0x0000000100000000)
  eden space 17920K, 0% used [0x00000000eab00000,0x00000000eab00000,0x00000000ebc80000)
  from space 3072K, 99% used [0x00000000ebc80000,0x00000000ebf7be70,0x00000000ebf80000)
  to   space 7168K, 0% used [0x00000000ec380000,0x00000000ec380000,0x00000000eca80000)
 ParOldGen       total 68608K, used 42851K [0x00000000c0000000, 0x00000000c4300000, 0x00000000eab00000)
  object space 68608K, 62% used [0x00000000c0000000,0x00000000c29d8e68,0x00000000c4300000)
 Metaspace       used 54360K, committed 55360K, reserved 1114112K
  class space    used 5828K, committed 6272K, reserved 1048576K
}
Event: 10.725 GC heap before
{Heap before GC invocations=30 (full 2):
 PSYoungGen      total 20992K, used 20975K [0x00000000eab00000, 0x00000000eca80000, 0x0000000100000000)
  eden space 17920K, 100% used [0x00000000eab00000,0x00000000ebc80000,0x00000000ebc80000)
  from space 3072K, 99% used [0x00000000ebc80000,0x00000000ebf7be70,0x00000000ebf80000)
  to   space 7168K, 0% used [0x00000000ec380000,0x00000000ec380000,0x00000000eca80000)
 ParOldGen       total 68608K, used 42851K [0x00000000c0000000, 0x00000000c4300000, 0x00000000eab00000)
  object space 68608K, 62% used [0x00000000c0000000,0x00000000c29d8e68,0x00000000c4300000)
 Metaspace       used 54367K, committed 55360K, reserved 1114112K
  class space    used 5828K, committed 6272K, reserved 1048576K
}
Event: 10.727 GC heap after
{Heap after GC invocations=30 (full 2):
 PSYoungGen      total 22016K, used 3949K [0x00000000eab00000, 0x00000000ec780000, 0x0000000100000000)
  eden space 17920K, 0% used [0x00000000eab00000,0x00000000eab00000,0x00000000ebc80000)
  from space 4096K, 96% used [0x00000000ec380000,0x00000000ec75b7c8,0x00000000ec780000)
  to   space 5120K, 0% used [0x00000000ebd80000,0x00000000ebd80000,0x00000000ec280000)
 ParOldGen       total 68608K, used 45811K [0x00000000c0000000, 0x00000000c4300000, 0x00000000eab00000)
  object space 68608K, 66% used [0x00000000c0000000,0x00000000c2cbcdb8,0x00000000c4300000)
 Metaspace       used 54367K, committed 55360K, reserved 1114112K
  class space    used 5828K, committed 6272K, reserved 1048576K
}

Dll operation events (10 events):
Event: 0.013 Loaded shared library c:\Users\foggtyl25\.vscode\extensions\redhat.java-1.27.0-win32-x64\jre\17.0.10-win32-x86_64\bin\java.dll
Event: 0.189 Loaded shared library c:\Users\foggtyl25\.vscode\extensions\redhat.java-1.27.0-win32-x64\jre\17.0.10-win32-x86_64\bin\zip.dll
Event: 0.203 Loaded shared library C:\Users\foggtyl25\.vscode\extensions\redhat.java-1.27.0-win32-x64\jre\17.0.10-win32-x86_64\bin\instrument.dll
Event: 0.225 Loaded shared library C:\Users\foggtyl25\.vscode\extensions\redhat.java-1.27.0-win32-x64\jre\17.0.10-win32-x86_64\bin\net.dll
Event: 0.228 Loaded shared library C:\Users\foggtyl25\.vscode\extensions\redhat.java-1.27.0-win32-x64\jre\17.0.10-win32-x86_64\bin\nio.dll
Event: 0.237 Loaded shared library C:\Users\foggtyl25\.vscode\extensions\redhat.java-1.27.0-win32-x64\jre\17.0.10-win32-x86_64\bin\zip.dll
Event: 0.259 Loaded shared library C:\Users\foggtyl25\.vscode\extensions\redhat.java-1.27.0-win32-x64\jre\17.0.10-win32-x86_64\bin\jimage.dll
Event: 0.344 Loaded shared library c:\Users\foggtyl25\.vscode\extensions\redhat.java-1.27.0-win32-x64\jre\17.0.10-win32-x86_64\bin\verify.dll
Event: 1.818 Loaded shared library C:\Users\foggtyl25\AppData\Roaming\Code\User\globalStorage\redhat.java\1.27.0\config_win\org.eclipse.equinox.launcher\org.eclipse.equinox.launcher.win32.win32.x86_64_1.2.900.v20240129-1338\eclipse_11900.dll
Event: 6.584 Loaded shared library C:\Users\foggtyl25\AppData\Local\Temp\jna-484897089\jna4006750471154817308.dll

Deoptimization events (20 events):
Event: 10.563 Thread 0x000001e278fe7fa0 DEOPT PACKING pc=0x000001e2609dbc13 sp=0x000000385ddfe6d0
Event: 10.563 Thread 0x000001e278fe7fa0 DEOPT UNPACKING pc=0x000001e267c7a9e3 sp=0x000000385ddfdc08 mode 0
Event: 10.569 Thread 0x000001e278fe7fa0 Uncommon trap: trap_request=0xffffff6e fr.pc=0x000001e26876f424 relative=0x0000000000001f04
Event: 10.569 Thread 0x000001e278fe7fa0 Uncommon trap: reason=loop_limit_check action=maybe_recompile pc=0x000001e26876f424 method=org.eclipse.jdt.internal.compiler.util.HashtableOfObject.rehash()V @ 56 c2
Event: 10.569 Thread 0x000001e278fe7fa0 DEOPT PACKING pc=0x000001e26876f424 sp=0x000000385ddfe990
Event: 10.569 Thread 0x000001e278fe7fa0 DEOPT UNPACKING pc=0x000001e267c79ea3 sp=0x000000385ddfe688 mode 2
Event: 10.574 Thread 0x000001e278fe7fa0 DEOPT PACKING pc=0x000001e2609dbc13 sp=0x000000385ddfe6d0
Event: 10.574 Thread 0x000001e278fe7fa0 DEOPT UNPACKING pc=0x000001e267c7a9e3 sp=0x000000385ddfdc08 mode 0
Event: 10.596 Thread 0x000001e278fe7fa0 DEOPT PACKING pc=0x000001e2609dbc13 sp=0x000000385ddfe6d0
Event: 10.596 Thread 0x000001e278fe7fa0 DEOPT UNPACKING pc=0x000001e267c7a9e3 sp=0x000000385ddfdc08 mode 0
Event: 10.620 Thread 0x000001e278fe7fa0 DEOPT PACKING pc=0x000001e2609dbc13 sp=0x000000385ddfe6d0
Event: 10.620 Thread 0x000001e278fe7fa0 DEOPT UNPACKING pc=0x000001e267c7a9e3 sp=0x000000385ddfdc08 mode 0
Event: 10.645 Thread 0x000001e278fe7fa0 Uncommon trap: trap_request=0xffffff6e fr.pc=0x000001e268783810 relative=0x0000000000003810
Event: 10.645 Thread 0x000001e278fe7fa0 Uncommon trap: reason=loop_limit_check action=maybe_recompile pc=0x000001e268783810 method=org.eclipse.jdt.internal.compiler.util.HashtableOfObject.rehash()V @ 56 c2
Event: 10.646 Thread 0x000001e278fe7fa0 DEOPT PACKING pc=0x000001e268783810 sp=0x000000385ddfe8b0
Event: 10.646 Thread 0x000001e278fe7fa0 DEOPT UNPACKING pc=0x000001e267c79ea3 sp=0x000000385ddfe768 mode 2
Event: 10.651 Thread 0x000001e278fe7fa0 DEOPT PACKING pc=0x000001e2609dbc13 sp=0x000000385ddfe6d0
Event: 10.651 Thread 0x000001e278fe7fa0 DEOPT UNPACKING pc=0x000001e267c7a9e3 sp=0x000000385ddfdc08 mode 0
Event: 10.701 Thread 0x000001e278fe7fa0 DEOPT PACKING pc=0x000001e2609dbc13 sp=0x000000385ddfe6d0
Event: 10.701 Thread 0x000001e278fe7fa0 DEOPT UNPACKING pc=0x000001e267c7a9e3 sp=0x000000385ddfdc08 mode 0

Classes unloaded (7 events):
Event: 6.505 Thread 0x000001e2719c98b0 Unloading class 0x0000000100250400 'java/lang/invoke/LambdaForm$MH+0x0000000100250400'
Event: 6.505 Thread 0x000001e2719c98b0 Unloading class 0x0000000100250000 'java/lang/invoke/LambdaForm$MH+0x0000000100250000'
Event: 6.505 Thread 0x000001e2719c98b0 Unloading class 0x000000010024bc00 'java/lang/invoke/LambdaForm$MH+0x000000010024bc00'
Event: 6.505 Thread 0x000001e2719c98b0 Unloading class 0x000000010024b800 'java/lang/invoke/LambdaForm$MH+0x000000010024b800'
Event: 6.505 Thread 0x000001e2719c98b0 Unloading class 0x000000010024b400 'java/lang/invoke/LambdaForm$BMH+0x000000010024b400'
Event: 6.505 Thread 0x000001e2719c98b0 Unloading class 0x000000010024b000 'java/lang/invoke/LambdaForm$DMH+0x000000010024b000'
Event: 6.505 Thread 0x000001e2719c98b0 Unloading class 0x0000000100248400 'java/lang/invoke/LambdaForm$DMH+0x0000000100248400'

Classes redefined (0 events):
No events

Internal exceptions (20 events):
Event: 8.835 Thread 0x000001e278fea820 Exception <a 'sun/nio/fs/WindowsException'{0x00000000eb790210}> (0x00000000eb790210) 
thrown [s\src\hotspot\share\prims\jni.cpp, line 516]
Event: 8.836 Thread 0x000001e278fea820 Exception <a 'sun/nio/fs/WindowsException'{0x00000000eb7939b8}> (0x00000000eb7939b8) 
thrown [s\src\hotspot\share\prims\jni.cpp, line 516]
Event: 8.838 Thread 0x000001e278fea820 Exception <a 'sun/nio/fs/WindowsException'{0x00000000eb79d220}> (0x00000000eb79d220) 
thrown [s\src\hotspot\share\prims\jni.cpp, line 516]
Event: 8.839 Thread 0x000001e278fea820 Exception <a 'sun/nio/fs/WindowsException'{0x00000000eb7a0df0}> (0x00000000eb7a0df0) 
thrown [s\src\hotspot\share\prims\jni.cpp, line 516]
Event: 8.840 Thread 0x000001e278fea820 Exception <a 'sun/nio/fs/WindowsException'{0x00000000eb7a49d8}> (0x00000000eb7a49d8) 
thrown [s\src\hotspot\share\prims\jni.cpp, line 516]
Event: 8.841 Thread 0x000001e278fea820 Exception <a 'sun/nio/fs/WindowsException'{0x00000000eb7a8938}> (0x00000000eb7a8938) 
thrown [s\src\hotspot\share\prims\jni.cpp, line 516]
Event: 8.842 Thread 0x000001e278fea820 Exception <a 'sun/nio/fs/WindowsException'{0x00000000eb7ac288}> (0x00000000eb7ac288) 
thrown [s\src\hotspot\share\prims\jni.cpp, line 516]
Event: 8.844 Thread 0x000001e278fea820 Exception <a 'sun/nio/fs/WindowsException'{0x00000000eb7afe70}> (0x00000000eb7afe70) 
thrown [s\src\hotspot\share\prims\jni.cpp, line 516]
Event: 8.846 Thread 0x000001e278fea820 Exception <a 'sun/nio/fs/WindowsException'{0x00000000eb7b3dd0}> (0x00000000eb7b3dd0) 
thrown [s\src\hotspot\share\prims\jni.cpp, line 516]
Event: 8.848 Thread 0x000001e278fea820 Exception <a 'sun/nio/fs/WindowsException'{0x00000000eb7b72c0}> (0x00000000eb7b72c0) 
thrown [s\src\hotspot\share\prims\jni.cpp, line 516]
Event: 8.848 Thread 0x000001e278fea820 Exception <a 'sun/nio/fs/WindowsException'{0x00000000eb7baa48}> (0x00000000eb7baa48) 
thrown [s\src\hotspot\share\prims\jni.cpp, line 516]
Event: 8.865 Thread 0x000001e278fea820 Exception <a 'java/lang/NoSuchMethodError'{0x00000000eb7e12e0}: 'void java.lang.invoke.DirectMethodHandle$Holder.invokeStatic(java.lang.Object, long)'> (0x00000000eb7e12e0) 
thrown [s\src\hotspot\share\interpreter\linkResolver.cpp, line 759]
Event: 8.866 Thread 0x000001e278fea820 Exception <a 'java/lang/NoSuchMethodError'{0x00000000eb7e6688}: 'java.lang.Object java.lang.invoke.DirectMethodHandle$Holder.newInvokeSpecial(java.lang.Object, long)'> (0x00000000eb7e6688) 
thrown [s\src\hotspot\share\interpreter\linkResolver.cpp, line 759]
Event: 10.011 Thread 0x000001e278fe98f0 Exception <a 'java/io/FileNotFoundException'{0x00000000eb72ba58}> (0x00000000eb72ba58) 
thrown [s\src\hotspot\share\prims\jni.cpp, line 516]
Event: 10.069 Thread 0x000001e278fe98f0 Exception <a 'java/io/FileNotFoundException'{0x00000000eafb62c0}> (0x00000000eafb62c0) 
thrown [s\src\hotspot\share\prims\jni.cpp, line 516]
Event: 10.079 Thread 0x000001e278fe98f0 Exception <a 'java/lang/NoSuchMethodError'{0x00000000eb29b978}: 'int java.lang.invoke.DirectMethodHandle$Holder.invokeVirtual(java.lang.Object, java.lang.Object, java.lang.Object)'> (0x00000000eb29b978) 
thrown [s\src\hotspot\share\interpreter\linkResolver.cpp, line 759]
Event: 10.148 Thread 0x000001e278fe98f0 Exception <a 'java/io/FileNotFoundException'{0x00000000eb899ad0}> (0x00000000eb899ad0) 
thrown [s\src\hotspot\share\prims\jni.cpp, line 516]
Event: 10.148 Thread 0x000001e278fe98f0 Exception <a 'java/io/FileNotFoundException'{0x00000000eb89aaf8}> (0x00000000eb89aaf8) 
thrown [s\src\hotspot\share\prims\jni.cpp, line 516]
Event: 10.149 Thread 0x000001e278fe98f0 Exception <a 'java/io/FileNotFoundException'{0x00000000eb89b878}> (0x00000000eb89b878) 
thrown [s\src\hotspot\share\prims\jni.cpp, line 516]
Event: 10.523 Thread 0x000001e278fe7fa0 Implicit null exception at 0x000001e2687604ac to 0x000001e26876059c

VM Operations (20 events):
Event: 10.048 Executing VM operation: ParallelGCFailedAllocation
Event: 10.054 Executing VM operation: ParallelGCFailedAllocation done
Event: 10.139 Executing VM operation: HandshakeAllThreads
Event: 10.139 Executing VM operation: HandshakeAllThreads done
Event: 10.171 Executing VM operation: ParallelGCFailedAllocation
Event: 10.174 Executing VM operation: ParallelGCFailedAllocation done
Event: 10.219 Executing VM operation: ParallelGCFailedAllocation
Event: 10.223 Executing VM operation: ParallelGCFailedAllocation done
Event: 10.246 Executing VM operation: HandshakeAllThreads
Event: 10.246 Executing VM operation: HandshakeAllThreads done
Event: 10.247 Executing VM operation: HandshakeAllThreads
Event: 10.247 Executing VM operation: HandshakeAllThreads done
Event: 10.420 Executing VM operation: ParallelGCFailedAllocation
Event: 10.425 Executing VM operation: ParallelGCFailedAllocation done
Event: 10.461 Executing VM operation: HandshakeAllThreads
Event: 10.461 Executing VM operation: HandshakeAllThreads done
Event: 10.580 Executing VM operation: ParallelGCFailedAllocation
Event: 10.583 Executing VM operation: ParallelGCFailedAllocation done
Event: 10.725 Executing VM operation: ParallelGCFailedAllocation
Event: 10.727 Executing VM operation: ParallelGCFailedAllocation done

Events (20 events):
Event: 10.013 Thread 0x000001e27bfc7a90 Thread added: 0x000001e27bfc7a90
Event: 10.064 Thread 0x000001e27b814fd0 Thread added: 0x000001e27b814fd0
Event: 10.087 loading class java/util/zip/ZipError
Event: 10.087 loading class java/util/zip/ZipError done
Event: 10.104 Thread 0x000001e27bfc4d00 Thread added: 0x000001e27bfc4d00
Event: 10.143 loading class java/util/WeakHashMap$KeyIterator
Event: 10.143 loading class java/util/WeakHashMap$KeyIterator done
Event: 10.144 Thread 0x000001e276dee740 flushing nmethod 0x000001e26086f310
Event: 10.146 Thread 0x000001e276dee740 flushing nmethod 0x000001e26097d790
Event: 10.155 Thread 0x000001e276dee740 flushing nmethod 0x000001e2610c2010
Event: 10.156 Thread 0x000001e276dee740 flushing nmethod 0x000001e261100710
Event: 10.255 loading class java/lang/invoke/BoundMethodHandle$Species_LLLLLLLLLL
Event: 10.255 loading class java/lang/invoke/BoundMethodHandle$Species_LLLLLLLLLL done
Event: 10.257 loading class java/lang/invoke/BoundMethodHandle$Species_LLLLLLLLLLL
Event: 10.257 loading class java/lang/invoke/BoundMethodHandle$Species_LLLLLLLLLLL done
Event: 10.258 loading class java/lang/invoke/BoundMethodHandle$Species_LLLLLLLLLLLL
Event: 10.259 loading class java/lang/invoke/BoundMethodHandle$Species_LLLLLLLLLLLL done
Event: 10.260 loading class java/lang/invoke/BoundMethodHandle$Species_LLLLLLLLLLLLL
Event: 10.260 loading class java/lang/invoke/BoundMethodHandle$Species_LLLLLLLLLLLLL done
Event: 10.410 Thread 0x000001e2799398e0 Thread exited: 0x000001e2799398e0


Dynamic libraries:
0x00007ff7397c0000 - 0x00007ff7397ce000 	c:\Users\foggtyl25\.vscode\extensions\redhat.java-1.27.0-win32-x64\jre\17.0.10-win32-x86_64\bin\java.exe
0x00007ffce2970000 - 0x00007ffce2b68000 	C:\windows\SYSTEM32\ntdll.dll
0x00007ffce0fa0000 - 0x00007ffce105d000 	C:\windows\System32\KERNEL32.DLL
0x00007ffce0450000 - 0x00007ffce0746000 	C:\windows\System32\KERNELBASE.dll
0x00007ffce00c0000 - 0x00007ffce01c0000 	C:\windows\System32\ucrtbase.dll
0x00007ffcb5a60000 - 0x00007ffcb5a7b000 	c:\Users\foggtyl25\.vscode\extensions\redhat.java-1.27.0-win32-x64\jre\17.0.10-win32-x86_64\bin\VCRUNTIME140.dll
0x00007ffcb57a0000 - 0x00007ffcb57b7000 	c:\Users\foggtyl25\.vscode\extensions\redhat.java-1.27.0-win32-x64\jre\17.0.10-win32-x86_64\bin\jli.dll
0x00007ffce15e0000 - 0x00007ffce177e000 	C:\windows\System32\USER32.dll
0x00007ffcc4640000 - 0x00007ffcc48da000 	C:\windows\WinSxS\amd64_microsoft.windows.common-controls_6595b64144ccf1df_6.0.19041.3636_none_60b6a03d71f818d5\COMCTL32.dll
0x00007ffce0230000 - 0x00007ffce0252000 	C:\windows\System32\win32u.dll
0x00007ffce2810000 - 0x00007ffce28ae000 	C:\windows\System32\msvcrt.dll
0x00007ffce09c0000 - 0x00007ffce09ec000 	C:\windows\System32\GDI32.dll
0x00007ffce0750000 - 0x00007ffce086a000 	C:\windows\System32\gdi32full.dll
0x00007ffce0920000 - 0x00007ffce09bd000 	C:\windows\System32\msvcp_win.dll
0x00007ffce0db0000 - 0x00007ffce0de0000 	C:\windows\System32\IMM32.DLL
0x00007ffcc4150000 - 0x00007ffcc415c000 	c:\Users\foggtyl25\.vscode\extensions\redhat.java-1.27.0-win32-x64\jre\17.0.10-win32-x86_64\bin\vcruntime140_1.dll
0x00007ffc98060000 - 0x00007ffc980ed000 	c:\Users\foggtyl25\.vscode\extensions\redhat.java-1.27.0-win32-x64\jre\17.0.10-win32-x86_64\bin\msvcp140.dll
0x00007ffc41f00000 - 0x00007ffc42b62000 	c:\Users\foggtyl25\.vscode\extensions\redhat.java-1.27.0-win32-x64\jre\17.0.10-win32-x86_64\bin\server\jvm.dll
0x00007ffce1b90000 - 0x00007ffce1c43000 	C:\windows\System32\ADVAPI32.dll
0x00007ffce2770000 - 0x00007ffce280f000 	C:\windows\System32\sechost.dll
0x00007ffce1df0000 - 0x00007ffce1f16000 	C:\windows\System32\RPCRT4.dll
0x00007ffce0090000 - 0x00007ffce00b7000 	C:\windows\System32\bcrypt.dll
0x00007ffcdf590000 - 0x00007ffcdf5db000 	C:\windows\SYSTEM32\POWRPROF.dll
0x00007ffcc68c0000 - 0x00007ffcc68c9000 	C:\windows\SYSTEM32\WSOCK32.dll
0x00007ffcc3d00000 - 0x00007ffcc3d27000 	C:\windows\SYSTEM32\WINMM.dll
0x00007ffce1f20000 - 0x00007ffce1f8b000 	C:\windows\System32\WS2_32.dll
0x00007ffcdb200000 - 0x00007ffcdb20a000 	C:\windows\SYSTEM32\VERSION.dll
0x00007ffcdf450000 - 0x00007ffcdf462000 	C:\windows\SYSTEM32\UMPDC.dll
0x00007ffcddd30000 - 0x00007ffcddd42000 	C:\windows\SYSTEM32\kernel.appcore.dll
0x00007ffcbbd80000 - 0x00007ffcbbd8a000 	c:\Users\foggtyl25\.vscode\extensions\redhat.java-1.27.0-win32-x64\jre\17.0.10-win32-x86_64\bin\jimage.dll
0x00007ffcd9f90000 - 0x00007ffcda174000 	C:\windows\SYSTEM32\DBGHELP.DLL
0x00007ffcd92a0000 - 0x00007ffcd92d4000 	C:\windows\SYSTEM32\dbgcore.DLL
0x00007ffce03c0000 - 0x00007ffce0442000 	C:\windows\System32\bcryptPrimitives.dll
0x00007ffcbb8f0000 - 0x00007ffcbb8fe000 	c:\Users\foggtyl25\.vscode\extensions\redhat.java-1.27.0-win32-x64\jre\17.0.10-win32-x86_64\bin\instrument.dll
0x00007ffc97e60000 - 0x00007ffc97e85000 	c:\Users\foggtyl25\.vscode\extensions\redhat.java-1.27.0-win32-x64\jre\17.0.10-win32-x86_64\bin\java.dll
0x00007ffcb4000000 - 0x00007ffcb4018000 	c:\Users\foggtyl25\.vscode\extensions\redhat.java-1.27.0-win32-x64\jre\17.0.10-win32-x86_64\bin\zip.dll
0x00007ffce2020000 - 0x00007ffce2765000 	C:\windows\System32\SHELL32.dll
0x00007ffcddf30000 - 0x00007ffcde6cb000 	C:\windows\SYSTEM32\windows.storage.dll
0x00007ffce09f0000 - 0x00007ffce0d44000 	C:\windows\System32\combase.dll
0x00007ffcdfa70000 - 0x00007ffcdfa9d000 	C:\windows\SYSTEM32\Wldp.dll
0x00007ffce1530000 - 0x00007ffce15dd000 	C:\windows\System32\SHCORE.dll
0x00007ffce0d50000 - 0x00007ffce0da5000 	C:\windows\System32\shlwapi.dll
0x00007ffcdff70000 - 0x00007ffcdff95000 	C:\windows\SYSTEM32\profapi.dll
0x00007ffcb0b90000 - 0x00007ffcb0ba9000 	C:\Users\foggtyl25\.vscode\extensions\redhat.java-1.27.0-win32-x64\jre\17.0.10-win32-x86_64\bin\net.dll
0x00007ffcda240000 - 0x00007ffcda34a000 	C:\windows\SYSTEM32\WINHTTP.dll
0x00007ffcdf7d0000 - 0x00007ffcdf83a000 	C:\windows\system32\mswsock.dll
0x00007ffca5010000 - 0x00007ffca5026000 	C:\Users\foggtyl25\.vscode\extensions\redhat.java-1.27.0-win32-x64\jre\17.0.10-win32-x86_64\bin\nio.dll
0x00007ffcafb30000 - 0x00007ffcafb40000 	c:\Users\foggtyl25\.vscode\extensions\redhat.java-1.27.0-win32-x64\jre\17.0.10-win32-x86_64\bin\verify.dll
0x00007ffc7ac60000 - 0x00007ffc7ac9e000 	C:\Users\foggtyl25\AppData\Roaming\Code\User\globalStorage\redhat.java\1.27.0\config_win\org.eclipse.equinox.launcher\org.eclipse.equinox.launcher.win32.win32.x86_64_1.2.900.v20240129-1338\eclipse_11900.dll
0x00007ffce1c50000 - 0x00007ffce1d7b000 	C:\windows\System32\ole32.dll
0x00007ffcdf9c0000 - 0x00007ffcdf9d8000 	C:\windows\SYSTEM32\CRYPTSP.dll
0x00007ffcdf090000 - 0x00007ffcdf0c4000 	C:\windows\system32\rsaenh.dll
0x00007ffcdff30000 - 0x00007ffcdff5e000 	C:\windows\SYSTEM32\USERENV.dll
0x00007ffcdf9e0000 - 0x00007ffcdf9ec000 	C:\windows\SYSTEM32\CRYPTBASE.dll
0x00007ffcdf470000 - 0x00007ffcdf4ab000 	C:\windows\SYSTEM32\IPHLPAPI.DLL
0x00007ffce1d80000 - 0x00007ffce1d88000 	C:\windows\System32\NSI.dll
0x00007ffcdb870000 - 0x00007ffcdb887000 	C:\windows\SYSTEM32\dhcpcsvc6.DLL
0x00007ffcdb850000 - 0x00007ffcdb86d000 	C:\windows\SYSTEM32\dhcpcsvc.DLL
0x00007ffcdf4b0000 - 0x00007ffcdf57a000 	C:\windows\SYSTEM32\DNSAPI.dll
0x00007ffcd82f0000 - 0x00007ffcd8335000 	C:\Users\foggtyl25\AppData\Local\Temp\jna-484897089\jna4006750471154817308.dll
0x00007ffce0eb0000 - 0x00007ffce0eb8000 	C:\windows\System32\PSAPI.DLL

dbghelp: loaded successfully - version: 4.0.5 - missing functions: none
symbol engine: initialized successfully - sym options: 0x614 - pdb path: .;c:\Users\foggtyl25\.vscode\extensions\redhat.java-1.27.0-win32-x64\jre\17.0.10-win32-x86_64\bin;C:\windows\SYSTEM32;C:\windows\WinSxS\amd64_microsoft.windows.common-controls_6595b64144ccf1df_6.0.19041.3636_none_60b6a03d71f818d5;c:\Users\foggtyl25\.vscode\extensions\redhat.java-1.27.0-win32-x64\jre\17.0.10-win32-x86_64\bin\server;C:\Users\foggtyl25\AppData\Roaming\Code\User\globalStorage\redhat.java\1.27.0\config_win\org.eclipse.equinox.launcher\org.eclipse.equinox.launcher.win32.win32.x86_64_1.2.900.v20240129-1338;C:\Users\foggtyl25\AppData\Local\Temp\jna-484897089

VM Arguments:
jvm_args: --add-modules=ALL-SYSTEM --add-opens=java.base/java.util=ALL-UNNAMED --add-opens=java.base/java.lang=ALL-UNNAMED --add-opens=java.base/sun.nio.fs=ALL-UNNAMED -Declipse.application=org.eclipse.jdt.ls.core.id1 -Dosgi.bundles.defaultStartLevel=4 -Declipse.product=org.eclipse.jdt.ls.core.product -Djava.import.generatesMetadataFilesAtProjectRoot=false -DDetectVMInstallationsJob.disabled=true -Dfile.encoding=utf8 -XX:+UseParallelGC -XX:GCTimeRatio=4 -XX:AdaptiveSizePolicyWeight=90 -Dsun.zip.disableMemoryMapping=true -Xmx1G -Xms100m -Xlog:disable -javaagent:c:\Users\foggtyl25\.vscode\extensions\redhat.java-1.27.0-win32-x64\lombok\lombok-1.18.31.jar -XX:+HeapDumpOnOutOfMemoryError -XX:HeapDumpPath=c:\Users\foggtyl25\AppData\Roaming\Code\User\workspaceStorage\d128ec249e5ae68316112046a78b0020\redhat.java -Daether.dependencyCollector.impl=bf 
java_command: c:\Users\foggtyl25\.vscode\extensions\redhat.java-1.27.0-win32-x64\server\plugins\org.eclipse.equinox.launcher_1.6.700.v20231214-2017.jar -configuration c:\Users\foggtyl25\AppData\Roaming\Code\User\globalStorage\redhat.java\1.27.0\config_win -data c:\Users\foggtyl25\AppData\Roaming\Code\User\workspaceStorage\d128ec249e5ae68316112046a78b0020\redhat.java\jdt_ws --stdio
java_class_path (initial): c:\Users\foggtyl25\.vscode\extensions\redhat.java-1.27.0-win32-x64\server\plugins\org.eclipse.equinox.launcher_1.6.700.v20231214-2017.jar
Launcher Type: SUN_STANDARD

[Global flags]
    uintx AdaptiveSizePolicyWeight                 = 90                                        {product} {command line}
     intx CICompilerCount                          = 12                                        {product} {ergonomic}
    uintx GCTimeRatio                              = 4                                         {product} {command line}
     bool HeapDumpOnOutOfMemoryError               = true                                   {manageable} {command line}
    ccstr HeapDumpPath                             = c:\Users\foggtyl25\AppData\Roaming\Code\User\workspaceStorage\d128ec249e5ae68316112046a78b0020\redhat.java         {manageable} {command line}
   size_t InitialHeapSize                          = 104857600                                 {product} {command line}
   size_t MaxHeapSize                              = 1073741824                                {product} {command line}
   size_t MaxNewSize                               = 357564416                                 {product} {ergonomic}
   size_t MinHeapDeltaBytes                        = 524288                                    {product} {ergonomic}
   size_t MinHeapSize                              = 104857600                                 {product} {command line}
   size_t NewSize                                  = 34603008                                  {product} {ergonomic}
    uintx NonNMethodCodeHeapSize                   = 7602480                                {pd product} {ergonomic}
    uintx NonProfiledCodeHeapSize                  = 122027880                              {pd product} {ergonomic}
   size_t OldSize                                  = 70254592                                  {product} {ergonomic}
    uintx ProfiledCodeHeapSize                     = 122027880                              {pd product} {ergonomic}
    uintx ReservedCodeCacheSize                    = 251658240                              {pd product} {ergonomic}
     bool SegmentedCodeCache                       = true                                      {product} {ergonomic}
   size_t SoftMaxHeapSize                          = 1073741824                             {manageable} {ergonomic}
     bool UseCompressedClassPointers               = true                           {product lp64_product} {ergonomic}
     bool UseCompressedOops                        = true                           {product lp64_product} {ergonomic}
     bool UseLargePagesIndividualAllocation        = false                                  {pd product} {ergonomic}
     bool UseParallelGC                            = true                                      {product} {command line}

Logging:
Log output configuration:
 #0: stdout all=off uptime,level,tags
 #1: stderr all=off uptime,level,tags

Environment Variables:
JAVA_HOME=C:\Users\foggtyl25\AppData\Local\Programs\Eclipse Adoptium\jdk-17.0.10.7-hotspot\
PATH=C:\Program Files (x86)\Common Files\Oracle\Java\javapath;C:\windows\system32;C:\windows;C:\windows\System32\Wbem;C:\windows\System32\WindowsPowerShell\v1.0\;C:\windows\System32\OpenSSH\;C:\Program Files\Microsoft SQL Server\120\Tools\Binn\;C:\Program Files\Git\cmd;C:\Users\foggtyl25\AppData\Local\Programs\Eclipse Adoptium\jdk-17.0.10.7-hotspot\bin;C:\Users\foggtyl25\AppData\Local\Microsoft\WindowsApps;;C:\Users\foggtyl25\AppData\Local\Programs\Microsoft VS Code\bin
USERNAME=foggtyl25
OS=Windows_NT
PROCESSOR_IDENTIFIER=Intel64 Family 6 Model 167 Stepping 1, GenuineIntel
TMP=C:\Users\FOGGTY~1\AppData\Local\Temp
TEMP=C:\Users\FOGGTY~1\AppData\Local\Temp



Periodic native trim disabled


---------------  S Y S T E M  ---------------

OS:
 Windows 10 , 64 bit Build 19041 (10.0.19041.3636)
OS uptime: 4 days 8:58 hours
Hyper-V role detected

CPU: total 16 (initial active 16) (8 cores per cpu, 2 threads per core) family 6 model 167 stepping 1 microcode 0x53, cx8, cmov, fxsr, ht, mmx, 3dnowpref, sse, sse2, sse3, ssse3, sse4.1, sse4.2, popcnt, lzcnt, tsc, tscinvbit, avx, avx2, aes, erms, clmul, bmi1, bmi2, adx, avx512f, avx512dq, avx512cd, avx512bw, avx512vl, sha, fma, vzeroupper, avx512_vpopcntdq, avx512_vpclmulqdq, avx512_vaes, avx512_vnni, clflush, clflushopt, avx512_vbmi2, avx512_vbmi, hv
Processor Information for all 16 processors :
  Max Mhz: 2496, Current Mhz: 2496, Mhz Limit: 2496

Memory: 4k page, system-wide physical 16109M (2121M free)
TotalPageFile size 23388M (AvailPageFile size 78M)
current process WorkingSet (physical memory assigned to process): 269M, peak: 298M
current process commit charge ("private bytes"): 348M, peak: 387M

vm_info: OpenJDK 64-Bit Server VM (17.0.10+7) for windows-amd64 JRE (17.0.10+7), built on Jan 16 2024 23:25:11 by "admin" with MS VC++ 16.10 / 16.11 (VS2019)

END.
